C51 COMPILER V9.60.7.0   TIMER_ISR                                                         04/15/2025 18:18:41 PAGE 1   


C51 COMPILER V9.60.7.0, COMPILATION OF MODULE TIMER_ISR
OBJECT MODULE PLACED IN .\Objects\Timer_Isr.obj
COMPILER INVOKED BY: D:\AAAwork\Keil_v5\C51\BIN\C51.EXE Timer_Isr.c OPTIMIZE(8,SPEED) BROWSE DEBUG OBJECTEXTEND PRINT(.\
                    -Listings\Timer_Isr.lst) OBJECT(.\Objects\Timer_Isr.obj)

line level    source

   1          /*---------------------------------------------------------------------*/
   2          /* --- STC MCU Limited ------------------------------------------------*/
   3          /* --- STC 1T Series MCU Demo Programme -------------------------------*/
   4          /* --- Mobile: (86)13922805190 ----------------------------------------*/
   5          /* --- Fax: 86-0513-55012956,55012947,55012969 ------------------------*/
   6          /* --- Tel: 86-0513-55012928,55012929,55012966 ------------------------*/
   7          /* --- Web: www.STCAI.com ---------------------------------------------*/
   8          /* --- BBS: www.STCAIMCU.com  -----------------------------------------*/
   9          /* --- QQ:  800003751 -------------------------------------------------*/
  10          /* 如果要在程序中使用此代码,请在程序中注明使用了STC的资料及程序            */
  11          /*---------------------------------------------------------------------*/
  12          
  13          #include        "Timer.h"
  14          
  15          extern int counter;
  16          extern int led_index;
  17          extern char current_direction;
  18          
  19          extern void stop();
  20          extern void turn_left();
  21          extern void turn_right();
  22          
  23          //========================================================================
  24          // 函数: Timer0_ISR_Handler
  25          // 描述: Timer0中断函数.
  26          // 参数: none.
  27          // 返回: none.
  28          // 版本: V1.0, 2020-09-23
  29          //========================================================================
  30          void Timer0_ISR_Handler (void) interrupt TMR0_VECTOR            //进中断时已经清除标志
  31          {
  32   1              counter++;
  33   1              //125ms
  34   1              if(counter == 125) {
  35   2                      counter = 0;
  36   2                      led_index++;
  37   2                      //流水灯走完一次
  38   2                      if(led_index == 8) {
  39   3                              led_index = 0;
  40   3                      }       
  41   2                      if(current_direction == 's') stop();
  42   2                      else if(current_direction == 'l') turn_left();
  43   2                      else if(current_direction == 'r') turn_right();
  44   2              }
  45   1      }
  46          
  47          //========================================================================
  48          // 函数: Timer1_ISR_Handler
  49          // 描述: Timer1中断函数.
  50          // 参数: none.
  51          // 返回: none.
  52          // 版本: V1.0, 2020-09-23
  53          //========================================================================
  54          void Timer1_ISR_Handler (void) interrupt TMR1_VECTOR            //进中断时已经清除标志
C51 COMPILER V9.60.7.0   TIMER_ISR                                                         04/15/2025 18:18:41 PAGE 2   

  55          {
  56   1              // TODO: 在此处添加用户代码
  57   1              P66 = ~P66;
  58   1      }
  59          
  60          //========================================================================
  61          // 函数: Timer2_ISR_Handler
  62          // 描述: Timer2中断函数.
  63          // 参数: none.
  64          // 返回: none.
  65          // 版本: V1.0, 2020-09-23
  66          //========================================================================
  67          void Timer2_ISR_Handler (void) interrupt TMR2_VECTOR            //进中断时已经清除标志
  68          {
  69   1              // TODO: 在此处添加用户代码
  70   1              P65 = ~P65;
  71   1      }
  72          
  73          //========================================================================
  74          // 函数: Timer3_ISR_Handler
  75          // 描述: Timer3中断函数.
  76          // 参数: none.
  77          // 返回: none.
  78          // 版本: V1.0, 2020-09-23
  79          //========================================================================
  80          void Timer3_ISR_Handler (void) interrupt TMR3_VECTOR            //进中断时已经清除标志
  81          {
  82   1              // TODO: 在此处添加用户代码
  83   1              P64 = ~P64;
  84   1      }
  85          
  86          //========================================================================
  87          // 函数: Timer4_ISR_Handler
  88          // 描述: Timer4中断函数.
  89          // 参数: none.
  90          // 返回: none.
  91          // 版本: V1.0, 2020-09-23
  92          //========================================================================
  93          void Timer4_ISR_Handler (void) interrupt TMR4_VECTOR            //进中断时已经清除标志
  94          {
  95   1              // TODO: 在此处添加用户代码
  96   1              P63 = ~P63;
  97   1      }


MODULE INFORMATION:   STATIC OVERLAYABLE
   CODE SIZE        =    132    ----
   CONSTANT SIZE    =   ----    ----
   XDATA SIZE       =   ----    ----
   PDATA SIZE       =   ----    ----
   DATA SIZE        =   ----    ----
   IDATA SIZE       =   ----    ----
   BIT SIZE         =   ----    ----
END OF MODULE INFORMATION.


C51 COMPILATION COMPLETE.  0 WARNING(S),  0 ERROR(S)
